<?xml version="1.0" encoding="UTF-8"?>
<!-- Generated by org.testng.reporters.JUnitXMLReporter -->
<testsuite ignored="1" hostname="DESKTOP-9SS8G4J" failures="0" tests="1" name="Test" time="21.274" errors="0" timestamp="2023-08-08T17:50:26 IST">
  <testcase classname="OrganizationTest.CreateOrganizationWithIndustryTest" name="demotest" time="0.023"/>
  <testcase classname="OrganizationTest.CreateOrganizationWithIndustryTest" name="createOrgWithIndustryTest" time="0.0">
    <ignored/>
  </testcase> <!-- createOrgWithIndustryTest -->
</testsuite> <!-- Test -->
